-------------------------------------------------------------------------------
Test set: com.luv2code.springboot.CRUDdemo.CruDdemoApplicationTests
-------------------------------------------------------------------------------
Tests run: 1, Failures: 0, Errors: 1, Skipped: 0, Time elapsed: 0.799 s <<< FAILURE! - in com.luv2code.springboot.CRUDdemo.CruDdemoApplicationTests
initializationError(com.luv2code.springboot.CRUDdemo.CruDdemoApplicationTests)  Time elapsed: 0.012 s  <<< ERROR!
java.lang.IllegalStateException: Unable to find a @SpringBootConfiguration, you need to use @ContextConfiguration or @SpringBootTest(classes=...) with your test

